<?xml version="1.0" encoding="UTF-8"?>
<!-- Generated by org.testng.reporters.JUnitReportReporter -->
<testsuite skipped="0" hostname="vishal-PC" name="com.rule14.Application.TestNG1" tests="1" failures="0" timestamp="13 Apr 2019 16:35:44 GMT" time="0.062" errors="0">
  <testcase name="f" time="0.062" classname="com.rule14.Application.TestNG1"/>
</testsuite> <!-- com.rule14.Application.TestNG1 -->
