<?xml version="1.0" encoding="UTF-8"?>
<!-- Generated by org.testng.reporters.JUnitReportReporter -->
<testsuite skipped="0" hostname="vishal-PC" name="com.rule14.TestNG.TestNG2" tests="10" failures="0" timestamp="17 Mar 2019 05:18:18 GMT" time="0.063" errors="0">
  <testcase name="f3" time="0.000" classname="com.rule14.TestNG.TestNG2"/>
  <testcase name="f3" time="0.000" classname="com.rule14.TestNG.TestNG2"/>
  <testcase name="f3" time="0.000" classname="com.rule14.TestNG.TestNG2"/>
  <testcase name="f4" time="0.000" classname="com.rule14.TestNG.TestNG2"/>
  <testcase name="f4" time="0.015" classname="com.rule14.TestNG.TestNG2"/>
  <testcase name="f4" time="0.016" classname="com.rule14.TestNG.TestNG2"/>
  <testcase name="f4" time="0.016" classname="com.rule14.TestNG.TestNG2"/>
  <testcase name="f3" time="0.000" classname="com.rule14.TestNG.TestNG2"/>
  <testcase name="f4" time="0.000" classname="com.rule14.TestNG.TestNG2"/>
  <testcase name="f3" time="0.016" classname="com.rule14.TestNG.TestNG2"/>
</testsuite> <!-- com.rule14.TestNG.TestNG2 -->
